{"__type":"$$EventMessageAudit","id":"2d756c3c-a273-4224-9203-3f5ead4b6c59","ts":"2025-01-20T11:08:03.854+00:00","eventName":"n8n.audit.workflow.created","message":"n8n.audit.workflow.created","payload":{"userId":"38928e24-273a-4174-8e7d-06fbb17e3a5f","_email":"vishal.pandey@lumiq.ai","_firstName":"Vishal","_lastName":"Pandey","globalRole":"global:owner","workflowId":"uBdBq71qwPwgllvK","workflowName":"My workflow"}}
{"__type":"$$EventMessageConfirm","confirm":"2d756c3c-a273-4224-9203-3f5ead4b6c59","ts":"2025-01-20T11:08:03.854+00:00","source":{"id":"0","name":"eventBus"}}
{"__type":"$$EventMessageAudit","id":"5ed99319-b508-4aae-a5ca-b321595efb5b","ts":"2025-01-20T11:10:34.009+00:00","eventName":"n8n.audit.user.credentials.created","message":"n8n.audit.user.credentials.created","payload":{"userId":"38928e24-273a-4174-8e7d-06fbb17e3a5f","_email":"vishal.pandey@lumiq.ai","_firstName":"Vishal","_lastName":"Pandey","globalRole":"global:owner","credentialType":"microsoftOutlookOAuth2Api","credentialId":"mC9uOkXjMzxekigo","publicApi":false,"projectId":"j7x247pDIUS0yTK2","projectType":"personal"}}
{"__type":"$$EventMessageConfirm","confirm":"5ed99319-b508-4aae-a5ca-b321595efb5b","ts":"2025-01-20T11:10:34.010+00:00","source":{"id":"0","name":"eventBus"}}
{"__type":"$$EventMessageWorkflow","id":"a3b41ea3-58fd-4bb9-ad99-a5980e1ab5e6","ts":"2025-01-20T11:10:45.268+00:00","eventName":"n8n.workflow.started","message":"n8n.workflow.started","payload":{"executionId":"1","isManual":false}}
{"__type":"$$EventMessageConfirm","confirm":"a3b41ea3-58fd-4bb9-ad99-a5980e1ab5e6","ts":"2025-01-20T11:10:45.268+00:00","source":{"id":"0","name":"eventBus"}}
{"__type":"$$EventMessageNode","id":"f3024d93-2be9-495b-925c-0e800c9306a7","ts":"2025-01-20T11:10:45.268+00:00","eventName":"n8n.node.started","message":"n8n.node.started","payload":{"workflowId":"uBdBq71qwPwgllvK","workflowName":"My workflow","executionId":"1","nodeType":"n8n-nodes-base.microsoftOutlookTrigger","nodeName":"Microsoft Outlook Trigger"}}
{"__type":"$$EventMessageConfirm","confirm":"f3024d93-2be9-495b-925c-0e800c9306a7","ts":"2025-01-20T11:10:45.268+00:00","source":{"id":"0","name":"eventBus"}}
{"__type":"$$EventMessageNode","id":"5a59b693-f601-4a22-b3c1-92a9d31b2f04","ts":"2025-01-20T11:10:45.278+00:00","eventName":"n8n.node.finished","message":"n8n.node.finished","payload":{"workflowId":"uBdBq71qwPwgllvK","workflowName":"My workflow","executionId":"1","nodeType":"n8n-nodes-base.microsoftOutlookTrigger","nodeName":"Microsoft Outlook Trigger"}}
{"__type":"$$EventMessageConfirm","confirm":"5a59b693-f601-4a22-b3c1-92a9d31b2f04","ts":"2025-01-20T11:10:45.278+00:00","source":{"id":"0","name":"eventBus"}}
{"__type":"$$EventMessageWorkflow","id":"2ab1bb03-cdc7-415e-b50a-8f254cc7bb75","ts":"2025-01-20T11:10:45.284+00:00","eventName":"n8n.workflow.failed","message":"n8n.workflow.failed","payload":{"executionId":"1","userId":"38928e24-273a-4174-8e7d-06fbb17e3a5f","success":false,"isManual":true,"workflowId":"uBdBq71qwPwgllvK","workflowName":"My workflow","lastNodeExecuted":"Microsoft Outlook Trigger","errorNodeType":"n8n-nodes-base.microsoftOutlookTrigger","errorMessage":"Unable to sign without access token"}}
{"__type":"$$EventMessageConfirm","confirm":"2ab1bb03-cdc7-415e-b50a-8f254cc7bb75","ts":"2025-01-20T11:10:45.284+00:00","source":{"id":"0","name":"eventBus"}}
{"__type":"$$EventMessageAudit","id":"2b716779-3e97-4de0-a7f6-33af6d2c47c0","ts":"2025-01-20T11:10:51.762+00:00","eventName":"n8n.audit.user.credentials.updated","message":"n8n.audit.user.credentials.updated","payload":{"userId":"38928e24-273a-4174-8e7d-06fbb17e3a5f","_email":"vishal.pandey@lumiq.ai","_firstName":"Vishal","_lastName":"Pandey","globalRole":"global:owner","credentialType":"microsoftOutlookOAuth2Api","credentialId":"mC9uOkXjMzxekigo"}}
{"__type":"$$EventMessageConfirm","confirm":"2b716779-3e97-4de0-a7f6-33af6d2c47c0","ts":"2025-01-20T11:10:51.763+00:00","source":{"id":"0","name":"eventBus"}}
{"__type":"$$EventMessageAudit","id":"8629893f-9e66-4739-9223-5fda66adc40e","ts":"2025-01-20T11:20:56.840+00:00","eventName":"n8n.audit.user.credentials.updated","message":"n8n.audit.user.credentials.updated","payload":{"userId":"38928e24-273a-4174-8e7d-06fbb17e3a5f","_email":"vishal.pandey@lumiq.ai","_firstName":"Vishal","_lastName":"Pandey","globalRole":"global:owner","credentialType":"microsoftOutlookOAuth2Api","credentialId":"mC9uOkXjMzxekigo"}}
{"__type":"$$EventMessageConfirm","confirm":"8629893f-9e66-4739-9223-5fda66adc40e","ts":"2025-01-20T11:20:56.841+00:00","source":{"id":"0","name":"eventBus"}}
{"__type":"$$EventMessageWorkflow","id":"6bdb330e-3f44-4e2f-b2e0-d8626a25500c","ts":"2025-01-20T11:21:06.702+00:00","eventName":"n8n.workflow.started","message":"n8n.workflow.started","payload":{"executionId":"2","isManual":false}}
{"__type":"$$EventMessageConfirm","confirm":"6bdb330e-3f44-4e2f-b2e0-d8626a25500c","ts":"2025-01-20T11:21:06.703+00:00","source":{"id":"0","name":"eventBus"}}
{"__type":"$$EventMessageNode","id":"4e38187f-c3e6-40d7-9323-d3f48aed7c0f","ts":"2025-01-20T11:21:06.703+00:00","eventName":"n8n.node.started","message":"n8n.node.started","payload":{"workflowId":"uBdBq71qwPwgllvK","workflowName":"My workflow","executionId":"2","nodeType":"n8n-nodes-base.microsoftOutlookTrigger","nodeName":"Microsoft Outlook Trigger"}}
{"__type":"$$EventMessageConfirm","confirm":"4e38187f-c3e6-40d7-9323-d3f48aed7c0f","ts":"2025-01-20T11:21:06.703+00:00","source":{"id":"0","name":"eventBus"}}
{"__type":"$$EventMessageNode","id":"5166951f-e398-4475-8f52-739ef28eebab","ts":"2025-01-20T11:21:07.018+00:00","eventName":"n8n.node.finished","message":"n8n.node.finished","payload":{"workflowId":"uBdBq71qwPwgllvK","workflowName":"My workflow","executionId":"2","nodeType":"n8n-nodes-base.microsoftOutlookTrigger","nodeName":"Microsoft Outlook Trigger"}}
{"__type":"$$EventMessageConfirm","confirm":"5166951f-e398-4475-8f52-739ef28eebab","ts":"2025-01-20T11:21:07.018+00:00","source":{"id":"0","name":"eventBus"}}
{"__type":"$$EventMessageWorkflow","id":"4f5d45e5-1de5-42a6-91c0-5431116e46c9","ts":"2025-01-20T11:21:07.044+00:00","eventName":"n8n.workflow.success","message":"n8n.workflow.success","payload":{"executionId":"2","userId":"38928e24-273a-4174-8e7d-06fbb17e3a5f","success":true,"isManual":true,"workflowId":"uBdBq71qwPwgllvK","workflowName":"My workflow"}}
{"__type":"$$EventMessageConfirm","confirm":"4f5d45e5-1de5-42a6-91c0-5431116e46c9","ts":"2025-01-20T11:21:07.044+00:00","source":{"id":"0","name":"eventBus"}}
